[debug] [2026-05-13T16:27:20.330Z] ----------------------------------------------------------------------
[debug] [2026-05-13T16:27:20.332Z] Command:       C:\Program Files\nodejs\node.exe C:\Users\cebra\AppData\Roaming\npm\node_modules\firebase-tools\lib\bin\firebase.js deploy --only hosting:bey360 --project advera-c8dd0
[debug] [2026-05-13T16:27:20.332Z] CLI Version:   15.17.0
[debug] [2026-05-13T16:27:20.332Z] Platform:      win32
[debug] [2026-05-13T16:27:20.332Z] Node Version:  v26.1.0
[debug] [2026-05-13T16:27:20.332Z] Time:          Wed May 13 2026 19:27:20 GMT+0300 (Türkiye Standart Saati)
[debug] [2026-05-13T16:27:20.332Z] ----------------------------------------------------------------------
[debug] 
[debug] [2026-05-13T16:27:22.251Z] > command requires scopes: ["email","openid","https://www.googleapis.com/auth/cloudplatformprojects.readonly","https://www.googleapis.com/auth/firebase","https://www.googleapis.com/auth/cloud-platform"]
[debug] [2026-05-13T16:27:22.251Z] > authorizing via signed-in user (cebrailkara@gmail.com)
[debug] [2026-05-13T16:27:22.252Z] [iam] checking project advera-c8dd0 for permissions ["firebase.projects.get","firebasehosting.sites.update"]
[debug] [2026-05-13T16:27:22.253Z] Checked if tokens are valid: true, expires at: 1778692771069
[debug] [2026-05-13T16:27:22.253Z] Checked if tokens are valid: true, expires at: 1778692771069
[debug] [2026-05-13T16:27:22.254Z] >>> [apiv2][query] POST https://cloudresourcemanager.googleapis.com/v1/projects/advera-c8dd0:testIamPermissions [none]
[debug] [2026-05-13T16:27:22.254Z] >>> [apiv2][(partial)header] POST https://cloudresourcemanager.googleapis.com/v1/projects/advera-c8dd0:testIamPermissions  x-goog-user-project=advera-c8dd0
[debug] [2026-05-13T16:27:22.255Z] >>> [apiv2][body] POST https://cloudresourcemanager.googleapis.com/v1/projects/advera-c8dd0:testIamPermissions {"permissions":["firebase.projects.get","firebasehosting.sites.update"]}
[debug] [2026-05-13T16:27:23.313Z] <<< [apiv2][status] POST https://cloudresourcemanager.googleapis.com/v1/projects/advera-c8dd0:testIamPermissions 200
[debug] [2026-05-13T16:27:23.313Z] <<< [apiv2][body] POST https://cloudresourcemanager.googleapis.com/v1/projects/advera-c8dd0:testIamPermissions {"permissions":["firebase.projects.get","firebasehosting.sites.update"]}
[debug] [2026-05-13T16:27:23.313Z] Checked if tokens are valid: true, expires at: 1778692771069
[debug] [2026-05-13T16:27:23.313Z] Checked if tokens are valid: true, expires at: 1778692771069
[debug] [2026-05-13T16:27:23.314Z] >>> [apiv2][query] GET https://firebase.googleapis.com/v1beta1/projects/advera-c8dd0 [none]
[debug] [2026-05-13T16:27:24.290Z] <<< [apiv2][status] GET https://firebase.googleapis.com/v1beta1/projects/advera-c8dd0 200
[debug] [2026-05-13T16:27:24.290Z] <<< [apiv2][body] GET https://firebase.googleapis.com/v1beta1/projects/advera-c8dd0 {"projectId":"advera-c8dd0","projectNumber":"929492188819","displayName":"advera","name":"projects/advera-c8dd0","resources":{"hostingSite":"advera-c8dd0"},"state":"ACTIVE","etag":"1_3d63350c-236e-4faf-8387-b8f01063ed72"}
[info] 
[info] === Deploying to 'advera-c8dd0'...
[info] 
[info] i  deploying hosting 
[debug] [2026-05-13T16:27:24.295Z] Checked if tokens are valid: true, expires at: 1778692771069
[debug] [2026-05-13T16:27:24.295Z] Checked if tokens are valid: true, expires at: 1778692771069
[debug] [2026-05-13T16:27:24.295Z] >>> [apiv2][query] GET https://firebasehosting.googleapis.com/v1beta1/projects/advera-c8dd0/sites/bey360 [none]
[debug] [2026-05-13T16:27:25.619Z] <<< [apiv2][status] GET https://firebasehosting.googleapis.com/v1beta1/projects/advera-c8dd0/sites/bey360 200
[debug] [2026-05-13T16:27:25.620Z] <<< [apiv2][body] GET https://firebasehosting.googleapis.com/v1beta1/projects/advera-c8dd0/sites/bey360 {"name":"projects/advera-c8dd0/sites/bey360","defaultUrl":"https://bey360.web.app","appId":"1:929492188819:web:e9bccbc5d76b641daed766","type":"USER_SITE"}
[debug] [2026-05-13T16:27:25.624Z] Checked if tokens are valid: true, expires at: 1778692771069
[debug] [2026-05-13T16:27:25.624Z] Checked if tokens are valid: true, expires at: 1778692771069
[debug] [2026-05-13T16:27:25.624Z] >>> [apiv2][query] POST https://firebasehosting.googleapis.com/v1beta1/projects/-/sites/bey360/versions [none]
[debug] [2026-05-13T16:27:25.624Z] >>> [apiv2][body] POST https://firebasehosting.googleapis.com/v1beta1/projects/-/sites/bey360/versions {"status":"CREATED","labels":{"deployment-tool":"cli-firebase"}}
[debug] [2026-05-13T16:27:27.187Z] <<< [apiv2][status] POST https://firebasehosting.googleapis.com/v1beta1/projects/-/sites/bey360/versions 200
[debug] [2026-05-13T16:27:27.187Z] <<< [apiv2][body] POST https://firebasehosting.googleapis.com/v1beta1/projects/-/sites/bey360/versions {"name":"projects/929492188819/sites/bey360/versions/7ba33cd6eceef1c0","status":"CREATED","config":{},"labels":{"deployment-tool":"cli-firebase"}}
[info] i  hosting[bey360]: beginning deploy... 
[info] i  hosting[bey360]: found 35 files in dist 
[debug] [2026-05-13T16:27:27.203Z] [hosting] uploading with 200 concurrency
[debug] [2026-05-13T16:27:27.262Z] Checked if tokens are valid: true, expires at: 1778692771069
[debug] [2026-05-13T16:27:27.263Z] Checked if tokens are valid: true, expires at: 1778692771069
[debug] [2026-05-13T16:27:27.265Z] [hosting] hash cache [ZGlzdA] stored for 35 files
[debug] [2026-05-13T16:27:27.265Z] [hosting][hash queue][FINAL] {"max":55,"min":1,"avg":7.571428571428571,"active":0,"complete":35,"success":35,"errored":0,"retried":0,"total":35,"elapsed":61}
[debug] [2026-05-13T16:27:27.266Z] >>> [apiv2][query] POST https://firebasehosting.googleapis.com/v1beta1/projects/929492188819/sites/bey360/versions/7ba33cd6eceef1c0:populateFiles [none]
[debug] [2026-05-13T16:27:27.266Z] >>> [apiv2][body] POST https://firebasehosting.googleapis.com/v1beta1/projects/929492188819/sites/bey360/versions/7ba33cd6eceef1c0:populateFiles {"files":{"/sw.js":"cc04aabc4e72660bb1a01a3739f27d07a73d6a71e909a04d2773f8dac8faaceb","/manifest.json":"e3ac4817311f0110f3a8064d4ff1de75ead61bb9da4433576db696e9f41304c5","/googlee1e2e0e2e1e2e0e2.html":"3a05910a14f43012cd6b4240442a32ce27a0b56041391832f5d26a3ea2c0c155","/logos/logo_icon.png":"f1f635905a940846d993d7709bc05fc28c84e7bc95d9eaf0077adb7765ced991","/logos/logo_branding.png":"40ca74600f17576f6f1b94f18edd9779f9d97d7ba235caba0f1e6eed7eac8ae2","/images/hero3.png":"9198992df7fa9cf6f5d80d717c371836a579d0e076ed7ba4552af3ef055660e3","/images/hero2.png":"2369183d3885af84c99301fe552ddbbaa0e42d1dff1f0206d69595be6a694945","/images/hero1.png":"d0fe1d9befc42acf1dcb72a1253339a8e3806fedec10da14de715dcece61bf88","/images/blog/vergi.png":"889132c96576d406dd579805d2f4531e227a378cc8a3b90ae86fb9c5ea038d53","/images/blog/stok.png":"4e9eb2e41a9469e3e16b58e7c241b22b9de64ac3a445cab2d77169bde0889c61","/images/blog/nakit.png":"f69f9a03f491bed71dae76330e2d41f8455726518b0e70bf9c3d64b067ba9ff2","/images/blog/guvenlik.png":"c9a1ca92ec030edc6ed98c2c2b4cdb8fe83c9b23680b18e449365ffb002c5b86","/images/blog/girisim.png":"458816b50d8dce8c9b8624bcf853c034ee401eee2a9763316e9455677056d329","/images/blog/gelecek.png":"d97256ddcc5ca1faca6d7607b02cfe89d616ea6078cc003545b92c9290f4208f","/images/blog/efatura.png":"5620da3a63b48e0a996972d1089ab853a2c6f8cf23db96cfd71232ed812ca5fd","/images/blog/cari.png":"fc843d327ace8a47e4e9609989553ed4ecacda481a4ce5a768334ef7a82dbf74","/images/blog/bulut.png":"dee928262b2609e40d00a740ca90039577d6f3920907b27829a8a22afa05aca3","/images/blog/analiz.png":"9887fa5f744aa2a8bea35e20870980cf7070fbeee8f3d9358473e078b1589f81","/sitemap.xml":"606beb4ae9c4bc62ab431318973a68e5b994825c9103ac1a9958bad6b6b45e43","/sitemap-yardim.xml":"307452ecc5c5ee233a09f5b5aafab71668a94de2e163d3eebc6a676332f56290","/robots.txt":"b593ca2131ef4096dec1794d07bb91de9786b4ad04839a0eb197fd6e333c7087","/index.html":"57595f9d694d2cb638f2fad530421c8df73441362040daeac2b2a05ee4dc907e","/sitemap-blog.xml":"dcc2b8bc79046323b3fca180ba5e656c4d3d55feb3026aad3c61a873d31c3dd6","/sitemap-pages.xml":"284a1845e07366a807b262989343d8587df4c3b29e4ee2a8fcb3d2db8c201155","/assets/motion-Bd9tiB_f.js":"543a59bdfdf9d7e5cca444376e3b63a0eacf540e54f5adee17ef8e7a979e90a5","/sitemap-sektorler.xml":"fe771fd6fe8368d6a521b7a1271c8bfcc75338924bcad4caaa8aab47fc0d193f","/assets/icons-Rt7AbiPe.js":"a5f1b7982f7c86d6f72c6774a476970eea6cec61c91b7710bdeddee07ce3a897","/assets/firebase-auth-DrByQ9pm.js":"8843458dc5f5e5fb91fdc5d228ba93129242b808a14bd5467dfa07f68c42a51c","/assets/firebase-core-C-WfzzVI.js":"606d8434cf23db4e98eeb9a1e65966526f06154193464d1b5c2a39c5e3b80f40","/assets/react-vendor-DVgFqzb9.js":"1d207ddd1b98487848b1dd717baaed1c2274e61229b29d16fe7bd71fc2a6f964","/assets/index-cuXmgApp.css":"1598cd036dd75d6d77e4d3d80c075c3168e63d823f5ba31393914ab9a5ddd451","/assets/firebase-firestore-D9TnwvZu.js":"c02cd0986f02d43a72a735866988ffde6371a25460a857c04b2f48c9e01544f8","/assets/index-DFbLr_qE.js":"d0566f1b82071d5761c9fb410210dd39d0862f11195940cbf25f079e861dc624","/assets/spreadsheet-DrgRuPKf.js":"f3412ef97fc67e9336045132ceca12f9014519abfced1745e005582a2caf8d68","/assets/vendor-ZmljwUSz.js":"f4c35b47d3a883a94ec04553c56e2c203b2609103f1568a42782cad1771dc6ce"}}
[debug] [2026-05-13T16:27:28.127Z] <<< [apiv2][status] POST https://firebasehosting.googleapis.com/v1beta1/projects/929492188819/sites/bey360/versions/7ba33cd6eceef1c0:populateFiles 200
[debug] [2026-05-13T16:27:28.128Z] <<< [apiv2][body] POST https://firebasehosting.googleapis.com/v1beta1/projects/929492188819/sites/bey360/versions/7ba33cd6eceef1c0:populateFiles {"uploadRequiredHashes":["284a1845e07366a807b262989343d8587df4c3b29e4ee2a8fcb3d2db8c201155","307452ecc5c5ee233a09f5b5aafab71668a94de2e163d3eebc6a676332f56290","fe771fd6fe8368d6a521b7a1271c8bfcc75338924bcad4caaa8aab47fc0d193f","b593ca2131ef4096dec1794d07bb91de9786b4ad04839a0eb197fd6e333c7087","606beb4ae9c4bc62ab431318973a68e5b994825c9103ac1a9958bad6b6b45e43","dcc2b8bc79046323b3fca180ba5e656c4d3d55feb3026aad3c61a873d31c3dd6"],"uploadUrl":"https://upload-firebasehosting.googleapis.com/upload/sites/bey360/versions/7ba33cd6eceef1c0/files"}
[debug] [2026-05-13T16:27:28.128Z] Checked if tokens are valid: true, expires at: 1778692771069
[debug] [2026-05-13T16:27:28.128Z] Checked if tokens are valid: true, expires at: 1778692771069
[debug] [2026-05-13T16:27:28.129Z] Checked if tokens are valid: true, expires at: 1778692771069
[debug] [2026-05-13T16:27:28.129Z] Checked if tokens are valid: true, expires at: 1778692771069
[debug] [2026-05-13T16:27:28.129Z] Checked if tokens are valid: true, expires at: 1778692771069
[debug] [2026-05-13T16:27:28.129Z] Checked if tokens are valid: true, expires at: 1778692771069
[debug] [2026-05-13T16:27:28.129Z] Checked if tokens are valid: true, expires at: 1778692771069
[debug] [2026-05-13T16:27:28.129Z] Checked if tokens are valid: true, expires at: 1778692771069
[debug] [2026-05-13T16:27:28.129Z] Checked if tokens are valid: true, expires at: 1778692771069
[debug] [2026-05-13T16:27:28.130Z] Checked if tokens are valid: true, expires at: 1778692771069
[debug] [2026-05-13T16:27:28.130Z] Checked if tokens are valid: true, expires at: 1778692771069
[debug] [2026-05-13T16:27:28.130Z] Checked if tokens are valid: true, expires at: 1778692771069
[debug] [2026-05-13T16:27:28.130Z] >>> [apiv2][query] POST https://upload-firebasehosting.googleapis.com/upload/sites/bey360/versions/7ba33cd6eceef1c0/files/284a1845e07366a807b262989343d8587df4c3b29e4ee2a8fcb3d2db8c201155 [none]
[debug] [2026-05-13T16:27:28.130Z] >>> [apiv2][body] POST https://upload-firebasehosting.googleapis.com/upload/sites/bey360/versions/7ba33cd6eceef1c0/files/284a1845e07366a807b262989343d8587df4c3b29e4ee2a8fcb3d2db8c201155 [stream]
[debug] [2026-05-13T16:27:28.132Z] >>> [apiv2][query] POST https://upload-firebasehosting.googleapis.com/upload/sites/bey360/versions/7ba33cd6eceef1c0/files/307452ecc5c5ee233a09f5b5aafab71668a94de2e163d3eebc6a676332f56290 [none]
[debug] [2026-05-13T16:27:28.132Z] >>> [apiv2][body] POST https://upload-firebasehosting.googleapis.com/upload/sites/bey360/versions/7ba33cd6eceef1c0/files/307452ecc5c5ee233a09f5b5aafab71668a94de2e163d3eebc6a676332f56290 [stream]
[debug] [2026-05-13T16:27:28.133Z] >>> [apiv2][query] POST https://upload-firebasehosting.googleapis.com/upload/sites/bey360/versions/7ba33cd6eceef1c0/files/fe771fd6fe8368d6a521b7a1271c8bfcc75338924bcad4caaa8aab47fc0d193f [none]
[debug] [2026-05-13T16:27:28.134Z] >>> [apiv2][body] POST https://upload-firebasehosting.googleapis.com/upload/sites/bey360/versions/7ba33cd6eceef1c0/files/fe771fd6fe8368d6a521b7a1271c8bfcc75338924bcad4caaa8aab47fc0d193f [stream]
[debug] [2026-05-13T16:27:28.135Z] >>> [apiv2][query] POST https://upload-firebasehosting.googleapis.com/upload/sites/bey360/versions/7ba33cd6eceef1c0/files/b593ca2131ef4096dec1794d07bb91de9786b4ad04839a0eb197fd6e333c7087 [none]
[debug] [2026-05-13T16:27:28.135Z] >>> [apiv2][body] POST https://upload-firebasehosting.googleapis.com/upload/sites/bey360/versions/7ba33cd6eceef1c0/files/b593ca2131ef4096dec1794d07bb91de9786b4ad04839a0eb197fd6e333c7087 [stream]
[debug] [2026-05-13T16:27:28.136Z] >>> [apiv2][query] POST https://upload-firebasehosting.googleapis.com/upload/sites/bey360/versions/7ba33cd6eceef1c0/files/606beb4ae9c4bc62ab431318973a68e5b994825c9103ac1a9958bad6b6b45e43 [none]
[debug] [2026-05-13T16:27:28.137Z] >>> [apiv2][body] POST https://upload-firebasehosting.googleapis.com/upload/sites/bey360/versions/7ba33cd6eceef1c0/files/606beb4ae9c4bc62ab431318973a68e5b994825c9103ac1a9958bad6b6b45e43 [stream]
[debug] [2026-05-13T16:27:28.138Z] >>> [apiv2][query] POST https://upload-firebasehosting.googleapis.com/upload/sites/bey360/versions/7ba33cd6eceef1c0/files/dcc2b8bc79046323b3fca180ba5e656c4d3d55feb3026aad3c61a873d31c3dd6 [none]
[debug] [2026-05-13T16:27:28.138Z] >>> [apiv2][body] POST https://upload-firebasehosting.googleapis.com/upload/sites/bey360/versions/7ba33cd6eceef1c0/files/dcc2b8bc79046323b3fca180ba5e656c4d3d55feb3026aad3c61a873d31c3dd6 [stream]
[debug] [2026-05-13T16:27:28.139Z] [hosting][populate queue][FINAL] {"max":868,"min":868,"avg":868,"active":0,"complete":1,"success":1,"errored":0,"retried":0,"total":1,"elapsed":877}
[debug] [2026-05-13T16:27:28.140Z] [hosting] uploads queued: 6
[debug] [2026-05-13T16:27:29.120Z] <<< [apiv2][status] POST https://upload-firebasehosting.googleapis.com/upload/sites/bey360/versions/7ba33cd6eceef1c0/files/606beb4ae9c4bc62ab431318973a68e5b994825c9103ac1a9958bad6b6b45e43 200
[debug] [2026-05-13T16:27:29.120Z] <<< [apiv2][body] POST https://upload-firebasehosting.googleapis.com/upload/sites/bey360/versions/7ba33cd6eceef1c0/files/606beb4ae9c4bc62ab431318973a68e5b994825c9103ac1a9958bad6b6b45e43 [stream]
[info] i  hosting: uploading new files [1/6] (16%) 
[debug] [2026-05-13T16:27:29.310Z] <<< [apiv2][status] POST https://upload-firebasehosting.googleapis.com/upload/sites/bey360/versions/7ba33cd6eceef1c0/files/307452ecc5c5ee233a09f5b5aafab71668a94de2e163d3eebc6a676332f56290 200
[debug] [2026-05-13T16:27:29.310Z] <<< [apiv2][body] POST https://upload-firebasehosting.googleapis.com/upload/sites/bey360/versions/7ba33cd6eceef1c0/files/307452ecc5c5ee233a09f5b5aafab71668a94de2e163d3eebc6a676332f56290 [stream]
[debug] [2026-05-13T16:27:29.320Z] <<< [apiv2][status] POST https://upload-firebasehosting.googleapis.com/upload/sites/bey360/versions/7ba33cd6eceef1c0/files/fe771fd6fe8368d6a521b7a1271c8bfcc75338924bcad4caaa8aab47fc0d193f 200
[debug] [2026-05-13T16:27:29.320Z] <<< [apiv2][body] POST https://upload-firebasehosting.googleapis.com/upload/sites/bey360/versions/7ba33cd6eceef1c0/files/fe771fd6fe8368d6a521b7a1271c8bfcc75338924bcad4caaa8aab47fc0d193f [stream]
[debug] [2026-05-13T16:27:29.363Z] <<< [apiv2][status] POST https://upload-firebasehosting.googleapis.com/upload/sites/bey360/versions/7ba33cd6eceef1c0/files/b593ca2131ef4096dec1794d07bb91de9786b4ad04839a0eb197fd6e333c7087 200
[debug] [2026-05-13T16:27:29.363Z] <<< [apiv2][body] POST https://upload-firebasehosting.googleapis.com/upload/sites/bey360/versions/7ba33cd6eceef1c0/files/b593ca2131ef4096dec1794d07bb91de9786b4ad04839a0eb197fd6e333c7087 [stream]
[debug] [2026-05-13T16:27:29.363Z] <<< [apiv2][status] POST https://upload-firebasehosting.googleapis.com/upload/sites/bey360/versions/7ba33cd6eceef1c0/files/284a1845e07366a807b262989343d8587df4c3b29e4ee2a8fcb3d2db8c201155 200
[debug] [2026-05-13T16:27:29.364Z] <<< [apiv2][body] POST https://upload-firebasehosting.googleapis.com/upload/sites/bey360/versions/7ba33cd6eceef1c0/files/284a1845e07366a807b262989343d8587df4c3b29e4ee2a8fcb3d2db8c201155 [stream]
[debug] [2026-05-13T16:27:29.469Z] <<< [apiv2][status] POST https://upload-firebasehosting.googleapis.com/upload/sites/bey360/versions/7ba33cd6eceef1c0/files/dcc2b8bc79046323b3fca180ba5e656c4d3d55feb3026aad3c61a873d31c3dd6 200
[debug] [2026-05-13T16:27:29.469Z] <<< [apiv2][body] POST https://upload-firebasehosting.googleapis.com/upload/sites/bey360/versions/7ba33cd6eceef1c0/files/dcc2b8bc79046323b3fca180ba5e656c4d3d55feb3026aad3c61a873d31c3dd6 [stream]
[debug] [2026-05-13T16:27:29.469Z] [hosting][upload queue][FINAL] {"max":1339,"min":991,"avg":1195.6666666666667,"active":0,"complete":6,"success":6,"errored":0,"retried":0,"total":6,"elapsed":1341}
[info] i  hosting: upload complete 
[info] +  hosting[bey360]: file upload complete 
[debug] [2026-05-13T16:27:29.470Z] [hosting] deploy completed after 2280ms
[debug] [2026-05-13T16:27:29.470Z] [
  {
    "config": {
      "site": "bey360",
      "public": "dist",
      "ignore": [
        "firebase.json",
        "**/.*",
        "**/node_modules/**"
      ],
      "rewrites": [
        {
          "source": "**",
          "destination": "/index.html"
        }
      ]
    },
    "version": "projects/929492188819/sites/bey360/versions/7ba33cd6eceef1c0"
  }
]
[info] i  hosting[bey360]: finalizing version... 
[debug] [2026-05-13T16:27:29.472Z] Checked if tokens are valid: true, expires at: 1778692771069
[debug] [2026-05-13T16:27:29.472Z] Checked if tokens are valid: true, expires at: 1778692771069
[debug] [2026-05-13T16:27:29.472Z] >>> [apiv2][query] PATCH https://firebasehosting.googleapis.com/v1beta1/projects/-/sites/bey360/versions/7ba33cd6eceef1c0 updateMask=status%2Cconfig
[debug] [2026-05-13T16:27:29.473Z] >>> [apiv2][body] PATCH https://firebasehosting.googleapis.com/v1beta1/projects/-/sites/bey360/versions/7ba33cd6eceef1c0 {"status":"FINALIZED","config":{"rewrites":[{"glob":"**","path":"/index.html"}]}}
[debug] [2026-05-13T16:27:30.832Z] <<< [apiv2][status] PATCH https://firebasehosting.googleapis.com/v1beta1/projects/-/sites/bey360/versions/7ba33cd6eceef1c0 200
[debug] [2026-05-13T16:27:30.832Z] <<< [apiv2][body] PATCH https://firebasehosting.googleapis.com/v1beta1/projects/-/sites/bey360/versions/7ba33cd6eceef1c0 {"name":"projects/929492188819/sites/bey360/versions/7ba33cd6eceef1c0","status":"FINALIZED","config":{"rewrites":[{"glob":"**","path":"/index.html"}]},"labels":{"deployment-tool":"cli-firebase"},"createTime":"2026-05-13T16:27:23.569946Z","createUser":{"email":"cebrailkara@gmail.com"},"finalizeTime":"2026-05-13T16:27:28.155154Z","finalizeUser":{"email":"cebrailkara@gmail.com"}}
[debug] [2026-05-13T16:27:30.832Z] [hosting] finalized version for bey360:[object Object]
[info] +  hosting[bey360]: version finalized 
[info] i  hosting[bey360]: releasing new version... 
[debug] [2026-05-13T16:27:30.833Z] Checked if tokens are valid: true, expires at: 1778692771069
[debug] [2026-05-13T16:27:30.833Z] Checked if tokens are valid: true, expires at: 1778692771069
[debug] [2026-05-13T16:27:30.833Z] >>> [apiv2][query] POST https://firebasehosting.googleapis.com/v1beta1/projects/-/sites/bey360/channels/live/releases versionName=projects%2F929492188819%2Fsites%2Fbey360%2Fversions%2F7ba33cd6eceef1c0
[debug] [2026-05-13T16:27:30.833Z] >>> [apiv2][body] POST https://firebasehosting.googleapis.com/v1beta1/projects/-/sites/bey360/channels/live/releases {}
[debug] [2026-05-13T16:27:33.269Z] <<< [apiv2][status] POST https://firebasehosting.googleapis.com/v1beta1/projects/-/sites/bey360/channels/live/releases 200
[debug] [2026-05-13T16:27:33.270Z] <<< [apiv2][body] POST https://firebasehosting.googleapis.com/v1beta1/projects/-/sites/bey360/channels/live/releases {"name":"projects/929492188819/sites/bey360/channels/live/releases/1778689649591000","version":{"name":"projects/929492188819/sites/bey360/versions/7ba33cd6eceef1c0","status":"FINALIZED","config":{"rewrites":[{"glob":"**","path":"/index.html"}]},"labels":{"deployment-tool":"cli-firebase"},"createTime":"2026-05-13T16:27:23.569946Z","createUser":{"email":"cebrailkara@gmail.com","imageUrl":"https://lh3.googleusercontent.com/a/ACg8ocJrSia_F8eBI3CVtwXM_TXigxHranuTAPef5UlKM9R9xe2F7SPB"},"finalizeTime":"2026-05-13T16:27:28.155154Z","finalizeUser":{"email":"cebrailkara@gmail.com","imageUrl":"https://lh3.googleusercontent.com/a/ACg8ocJrSia_F8eBI3CVtwXM_TXigxHranuTAPef5UlKM9R9xe2F7SPB"}},"type":"DEPLOY","releaseTime":"2026-05-13T16:27:29.591Z","releaseUser":{"email":"cebrailkara@gmail.com","imageUrl":"https://lh3.googleusercontent.com/a/ACg8ocJrSia_F8eBI3CVtwXM_TXigxHranuTAPef5UlKM9R9xe2F7SPB"}}
[debug] [2026-05-13T16:27:33.270Z] [hosting] release: {"name":"projects/929492188819/sites/bey360/channels/live/releases/1778689649591000","version":{"name":"projects/929492188819/sites/bey360/versions/7ba33cd6eceef1c0","status":"FINALIZED","config":{"rewrites":[{"glob":"**","path":"/index.html"}]},"labels":{"deployment-tool":"cli-firebase"},"createTime":"2026-05-13T16:27:23.569946Z","createUser":{"email":"cebrailkara@gmail.com","imageUrl":"https://lh3.googleusercontent.com/a/ACg8ocJrSia_F8eBI3CVtwXM_TXigxHranuTAPef5UlKM9R9xe2F7SPB"},"finalizeTime":"2026-05-13T16:27:28.155154Z","finalizeUser":{"email":"cebrailkara@gmail.com","imageUrl":"https://lh3.googleusercontent.com/a/ACg8ocJrSia_F8eBI3CVtwXM_TXigxHranuTAPef5UlKM9R9xe2F7SPB"}},"type":"DEPLOY","releaseTime":"2026-05-13T16:27:29.591Z","releaseUser":{"email":"cebrailkara@gmail.com","imageUrl":"https://lh3.googleusercontent.com/a/ACg8ocJrSia_F8eBI3CVtwXM_TXigxHranuTAPef5UlKM9R9xe2F7SPB"}}
[info] +  hosting[bey360]: release complete 
[info] 
[info] +  Deploy complete! 
[info] 
[info] Project Console: https://console.firebase.google.com/project/advera-c8dd0/overview
[info] Hosting URL: https://bey360.web.app
[debug] [2026-05-13T16:32:07.889Z] ----------------------------------------------------------------------
[debug] [2026-05-13T16:32:07.897Z] Command:       C:\Program Files\nodejs\node.exe C:\Users\cebra\AppData\Roaming\npm\node_modules\firebase-tools\lib\bin\firebase.js deploy --only hosting:bey360 --project advera-c8dd0
[debug] [2026-05-13T16:32:07.897Z] CLI Version:   15.17.0
[debug] [2026-05-13T16:32:07.897Z] Platform:      win32
[debug] [2026-05-13T16:32:07.897Z] Node Version:  v26.1.0
[debug] [2026-05-13T16:32:07.897Z] Time:          Wed May 13 2026 19:32:07 GMT+0300 (Türkiye Standart Saati)
[debug] [2026-05-13T16:32:07.898Z] ----------------------------------------------------------------------
[debug] 
[debug] [2026-05-13T16:32:09.804Z] > command requires scopes: ["email","openid","https://www.googleapis.com/auth/cloudplatformprojects.readonly","https://www.googleapis.com/auth/firebase","https://www.googleapis.com/auth/cloud-platform"]
[debug] [2026-05-13T16:32:09.805Z] > authorizing via signed-in user (cebrailkara@gmail.com)
[debug] [2026-05-13T16:32:09.805Z] [iam] checking project advera-c8dd0 for permissions ["firebase.projects.get","firebasehosting.sites.update"]
[debug] [2026-05-13T16:32:09.807Z] Checked if tokens are valid: true, expires at: 1778692771069
[debug] [2026-05-13T16:32:09.807Z] Checked if tokens are valid: true, expires at: 1778692771069
[debug] [2026-05-13T16:32:09.808Z] >>> [apiv2][query] POST https://cloudresourcemanager.googleapis.com/v1/projects/advera-c8dd0:testIamPermissions [none]
[debug] [2026-05-13T16:32:09.808Z] >>> [apiv2][(partial)header] POST https://cloudresourcemanager.googleapis.com/v1/projects/advera-c8dd0:testIamPermissions  x-goog-user-project=advera-c8dd0
[debug] [2026-05-13T16:32:09.809Z] >>> [apiv2][body] POST https://cloudresourcemanager.googleapis.com/v1/projects/advera-c8dd0:testIamPermissions {"permissions":["firebase.projects.get","firebasehosting.sites.update"]}
[debug] [2026-05-13T16:32:10.877Z] <<< [apiv2][status] POST https://cloudresourcemanager.googleapis.com/v1/projects/advera-c8dd0:testIamPermissions 200
[debug] [2026-05-13T16:32:10.878Z] <<< [apiv2][body] POST https://cloudresourcemanager.googleapis.com/v1/projects/advera-c8dd0:testIamPermissions {"permissions":["firebase.projects.get","firebasehosting.sites.update"]}
[debug] [2026-05-13T16:32:10.878Z] Checked if tokens are valid: true, expires at: 1778692771069
[debug] [2026-05-13T16:32:10.878Z] Checked if tokens are valid: true, expires at: 1778692771069
[debug] [2026-05-13T16:32:10.879Z] >>> [apiv2][query] GET https://firebase.googleapis.com/v1beta1/projects/advera-c8dd0 [none]
[debug] [2026-05-13T16:32:11.280Z] <<< [apiv2][status] GET https://firebase.googleapis.com/v1beta1/projects/advera-c8dd0 200
[debug] [2026-05-13T16:32:11.281Z] <<< [apiv2][body] GET https://firebase.googleapis.com/v1beta1/projects/advera-c8dd0 {"projectId":"advera-c8dd0","projectNumber":"929492188819","displayName":"advera","name":"projects/advera-c8dd0","resources":{"hostingSite":"advera-c8dd0"},"state":"ACTIVE","etag":"1_3d63350c-236e-4faf-8387-b8f01063ed72"}
[info] 
[info] === Deploying to 'advera-c8dd0'...
[info] 
[info] i  deploying hosting 
[debug] [2026-05-13T16:32:11.285Z] Checked if tokens are valid: true, expires at: 1778692771069
[debug] [2026-05-13T16:32:11.285Z] Checked if tokens are valid: true, expires at: 1778692771069
[debug] [2026-05-13T16:32:11.285Z] >>> [apiv2][query] GET https://firebasehosting.googleapis.com/v1beta1/projects/advera-c8dd0/sites/bey360 [none]
[debug] [2026-05-13T16:32:12.530Z] <<< [apiv2][status] GET https://firebasehosting.googleapis.com/v1beta1/projects/advera-c8dd0/sites/bey360 200
[debug] [2026-05-13T16:32:12.531Z] <<< [apiv2][body] GET https://firebasehosting.googleapis.com/v1beta1/projects/advera-c8dd0/sites/bey360 {"name":"projects/advera-c8dd0/sites/bey360","defaultUrl":"https://bey360.web.app","appId":"1:929492188819:web:e9bccbc5d76b641daed766","type":"USER_SITE"}
[debug] [2026-05-13T16:32:12.534Z] Checked if tokens are valid: true, expires at: 1778692771069
[debug] [2026-05-13T16:32:12.534Z] Checked if tokens are valid: true, expires at: 1778692771069
[debug] [2026-05-13T16:32:12.534Z] >>> [apiv2][query] POST https://firebasehosting.googleapis.com/v1beta1/projects/-/sites/bey360/versions [none]
[debug] [2026-05-13T16:32:12.534Z] >>> [apiv2][body] POST https://firebasehosting.googleapis.com/v1beta1/projects/-/sites/bey360/versions {"status":"CREATED","labels":{"deployment-tool":"cli-firebase"}}
[debug] [2026-05-13T16:32:14.180Z] <<< [apiv2][status] POST https://firebasehosting.googleapis.com/v1beta1/projects/-/sites/bey360/versions 200
[debug] [2026-05-13T16:32:14.181Z] <<< [apiv2][body] POST https://firebasehosting.googleapis.com/v1beta1/projects/-/sites/bey360/versions {"name":"projects/929492188819/sites/bey360/versions/2680e0120767e996","status":"CREATED","config":{},"labels":{"deployment-tool":"cli-firebase"}}
[info] i  hosting[bey360]: beginning deploy... 
[info] i  hosting[bey360]: found 36 files in dist 
[debug] [2026-05-13T16:32:14.197Z] [hosting] uploading with 200 concurrency
[debug] [2026-05-13T16:32:14.284Z] Checked if tokens are valid: true, expires at: 1778692771069
[debug] [2026-05-13T16:32:14.285Z] Checked if tokens are valid: true, expires at: 1778692771069
[debug] [2026-05-13T16:32:14.286Z] [hosting] hash cache [ZGlzdA] stored for 36 files
[debug] [2026-05-13T16:32:14.286Z] [hosting][hash queue][FINAL] {"max":83,"min":1,"avg":8.444444444444445,"active":0,"complete":36,"success":36,"errored":0,"retried":0,"total":36,"elapsed":87}
[debug] [2026-05-13T16:32:14.286Z] >>> [apiv2][query] POST https://firebasehosting.googleapis.com/v1beta1/projects/929492188819/sites/bey360/versions/2680e0120767e996:populateFiles [none]
[debug] [2026-05-13T16:32:14.287Z] >>> [apiv2][body] POST https://firebasehosting.googleapis.com/v1beta1/projects/929492188819/sites/bey360/versions/2680e0120767e996:populateFiles {"files":{"/sw.js":"cc04aabc4e72660bb1a01a3739f27d07a73d6a71e909a04d2773f8dac8faaceb","/sitemap.xml":"606beb4ae9c4bc62ab431318973a68e5b994825c9103ac1a9958bad6b6b45e43","/sitemap-yardim.xml":"307452ecc5c5ee233a09f5b5aafab71668a94de2e163d3eebc6a676332f56290","/sitemap-sektorler.xml":"fe771fd6fe8368d6a521b7a1271c8bfcc75338924bcad4caaa8aab47fc0d193f","/sitemap-pages.xml":"284a1845e07366a807b262989343d8587df4c3b29e4ee2a8fcb3d2db8c201155","/sitemap-blog.xml":"dcc2b8bc79046323b3fca180ba5e656c4d3d55feb3026aad3c61a873d31c3dd6","/robots.txt":"b593ca2131ef4096dec1794d07bb91de9786b4ad04839a0eb197fd6e333c7087","/manifest.json":"e3ac4817311f0110f3a8064d4ff1de75ead61bb9da4433576db696e9f41304c5","/googlee1e2e0e2e1e2e0e2.html":"3a05910a14f43012cd6b4240442a32ce27a0b56041391832f5d26a3ea2c0c155","/logos/logo_icon.png":"f1f635905a940846d993d7709bc05fc28c84e7bc95d9eaf0077adb7765ced991","/logos/logo_branding.png":"40ca74600f17576f6f1b94f18edd9779f9d97d7ba235caba0f1e6eed7eac8ae2","/images/hero3.png":"9198992df7fa9cf6f5d80d717c371836a579d0e076ed7ba4552af3ef055660e3","/images/hero2.png":"2369183d3885af84c99301fe552ddbbaa0e42d1dff1f0206d69595be6a694945","/images/hero1.png":"d0fe1d9befc42acf1dcb72a1253339a8e3806fedec10da14de715dcece61bf88","/images/blog/vergi.png":"889132c96576d406dd579805d2f4531e227a378cc8a3b90ae86fb9c5ea038d53","/images/blog/stok.png":"4e9eb2e41a9469e3e16b58e7c241b22b9de64ac3a445cab2d77169bde0889c61","/images/blog/nakit.png":"f69f9a03f491bed71dae76330e2d41f8455726518b0e70bf9c3d64b067ba9ff2","/images/blog/guvenlik.png":"c9a1ca92ec030edc6ed98c2c2b4cdb8fe83c9b23680b18e449365ffb002c5b86","/images/blog/girisim.png":"458816b50d8dce8c9b8624bcf853c034ee401eee2a9763316e9455677056d329","/images/blog/gelecek.png":"d97256ddcc5ca1faca6d7607b02cfe89d616ea6078cc003545b92c9290f4208f","/images/blog/efatura.png":"5620da3a63b48e0a996972d1089ab853a2c6f8cf23db96cfd71232ed812ca5fd","/images/blog/cari.png":"fc843d327ace8a47e4e9609989553ed4ecacda481a4ce5a768334ef7a82dbf74","/images/blog/bulut.png":"dee928262b2609e40d00a740ca90039577d6f3920907b27829a8a22afa05aca3","/images/blog/analiz.png":"9887fa5f744aa2a8bea35e20870980cf7070fbeee8f3d9358473e078b1589f81","/index.html":"65c809573b093cf9bab9dd4ff665eb51e0c9385f7fb107c30507be1570837cd3","/assets/motion-Bd9tiB_f.js":"543a59bdfdf9d7e5cca444376e3b63a0eacf540e54f5adee17ef8e7a979e90a5","/assets/icons-Rt7AbiPe.js":"a5f1b7982f7c86d6f72c6774a476970eea6cec61c91b7710bdeddee07ce3a897","/assets/firebase-core-C-WfzzVI.js":"606d8434cf23db4e98eeb9a1e65966526f06154193464d1b5c2a39c5e3b80f40","/assets/firebase-auth-DrByQ9pm.js":"8843458dc5f5e5fb91fdc5d228ba93129242b808a14bd5467dfa07f68c42a51c","/assets/index-CKY540P4.css":"57111cdff9d655670c65306d07ca58d3891786c1e19ba1d9c94c8140100b7962","/assets/react-vendor-DVgFqzb9.js":"1d207ddd1b98487848b1dd717baaed1c2274e61229b29d16fe7bd71fc2a6f964","/assets/index-BHnr6nKj.js":"6292d26875842d324abd23895909d69e7aa97e61f729f24ba100910e4e7bf4e8","/assets/firebase-firestore-D9TnwvZu.js":"c02cd0986f02d43a72a735866988ffde6371a25460a857c04b2f48c9e01544f8","/assets/spreadsheet-DrgRuPKf.js":"f3412ef97fc67e9336045132ceca12f9014519abfced1745e005582a2caf8d68","/assets/vendor-ZmljwUSz.js":"f4c35b47d3a883a94ec04553c56e2c203b2609103f1568a42782cad1771dc6ce","/images/brand/bey360-command-visual.png":"07d809d025f6a7f0ada9c0e398c8bf05d3ff85dfa5b637f8129142c887c498d5"}}
[debug] [2026-05-13T16:32:15.245Z] <<< [apiv2][status] POST https://firebasehosting.googleapis.com/v1beta1/projects/929492188819/sites/bey360/versions/2680e0120767e996:populateFiles 200
[debug] [2026-05-13T16:32:15.246Z] <<< [apiv2][body] POST https://firebasehosting.googleapis.com/v1beta1/projects/929492188819/sites/bey360/versions/2680e0120767e996:populateFiles {"uploadRequiredHashes":["65c809573b093cf9bab9dd4ff665eb51e0c9385f7fb107c30507be1570837cd3","6292d26875842d324abd23895909d69e7aa97e61f729f24ba100910e4e7bf4e8","57111cdff9d655670c65306d07ca58d3891786c1e19ba1d9c94c8140100b7962","07d809d025f6a7f0ada9c0e398c8bf05d3ff85dfa5b637f8129142c887c498d5"],"uploadUrl":"https://upload-firebasehosting.googleapis.com/upload/sites/bey360/versions/2680e0120767e996/files"}
[debug] [2026-05-13T16:32:15.246Z] Checked if tokens are valid: true, expires at: 1778692771069
[debug] [2026-05-13T16:32:15.246Z] Checked if tokens are valid: true, expires at: 1778692771069
[debug] [2026-05-13T16:32:15.246Z] Checked if tokens are valid: true, expires at: 1778692771069
[debug] [2026-05-13T16:32:15.246Z] Checked if tokens are valid: true, expires at: 1778692771069
[debug] [2026-05-13T16:32:15.247Z] Checked if tokens are valid: true, expires at: 1778692771069
[debug] [2026-05-13T16:32:15.247Z] Checked if tokens are valid: true, expires at: 1778692771069
[debug] [2026-05-13T16:32:15.247Z] Checked if tokens are valid: true, expires at: 1778692771069
[debug] [2026-05-13T16:32:15.247Z] Checked if tokens are valid: true, expires at: 1778692771069
[debug] [2026-05-13T16:32:15.247Z] >>> [apiv2][query] POST https://upload-firebasehosting.googleapis.com/upload/sites/bey360/versions/2680e0120767e996/files/65c809573b093cf9bab9dd4ff665eb51e0c9385f7fb107c30507be1570837cd3 [none]
[debug] [2026-05-13T16:32:15.247Z] >>> [apiv2][body] POST https://upload-firebasehosting.googleapis.com/upload/sites/bey360/versions/2680e0120767e996/files/65c809573b093cf9bab9dd4ff665eb51e0c9385f7fb107c30507be1570837cd3 [stream]
[debug] [2026-05-13T16:32:15.249Z] >>> [apiv2][query] POST https://upload-firebasehosting.googleapis.com/upload/sites/bey360/versions/2680e0120767e996/files/6292d26875842d324abd23895909d69e7aa97e61f729f24ba100910e4e7bf4e8 [none]
[debug] [2026-05-13T16:32:15.249Z] >>> [apiv2][body] POST https://upload-firebasehosting.googleapis.com/upload/sites/bey360/versions/2680e0120767e996/files/6292d26875842d324abd23895909d69e7aa97e61f729f24ba100910e4e7bf4e8 [stream]
[debug] [2026-05-13T16:32:15.250Z] >>> [apiv2][query] POST https://upload-firebasehosting.googleapis.com/upload/sites/bey360/versions/2680e0120767e996/files/57111cdff9d655670c65306d07ca58d3891786c1e19ba1d9c94c8140100b7962 [none]
[debug] [2026-05-13T16:32:15.250Z] >>> [apiv2][body] POST https://upload-firebasehosting.googleapis.com/upload/sites/bey360/versions/2680e0120767e996/files/57111cdff9d655670c65306d07ca58d3891786c1e19ba1d9c94c8140100b7962 [stream]
[debug] [2026-05-13T16:32:15.251Z] >>> [apiv2][query] POST https://upload-firebasehosting.googleapis.com/upload/sites/bey360/versions/2680e0120767e996/files/07d809d025f6a7f0ada9c0e398c8bf05d3ff85dfa5b637f8129142c887c498d5 [none]
[debug] [2026-05-13T16:32:15.251Z] >>> [apiv2][body] POST https://upload-firebasehosting.googleapis.com/upload/sites/bey360/versions/2680e0120767e996/files/07d809d025f6a7f0ada9c0e398c8bf05d3ff85dfa5b637f8129142c887c498d5 [stream]
[debug] [2026-05-13T16:32:15.252Z] [hosting][populate queue][FINAL] {"max":963,"min":963,"avg":963,"active":0,"complete":1,"success":1,"errored":0,"retried":0,"total":1,"elapsed":968}
[debug] [2026-05-13T16:32:15.253Z] [hosting] uploads queued: 4
[info] i  hosting: uploading new files [0/4] (0%) 
[debug] [2026-05-13T16:32:16.287Z] <<< [apiv2][status] POST https://upload-firebasehosting.googleapis.com/upload/sites/bey360/versions/2680e0120767e996/files/65c809573b093cf9bab9dd4ff665eb51e0c9385f7fb107c30507be1570837cd3 200
[debug] [2026-05-13T16:32:16.287Z] <<< [apiv2][body] POST https://upload-firebasehosting.googleapis.com/upload/sites/bey360/versions/2680e0120767e996/files/65c809573b093cf9bab9dd4ff665eb51e0c9385f7fb107c30507be1570837cd3 [stream]
[debug] [2026-05-13T16:32:16.295Z] <<< [apiv2][status] POST https://upload-firebasehosting.googleapis.com/upload/sites/bey360/versions/2680e0120767e996/files/6292d26875842d324abd23895909d69e7aa97e61f729f24ba100910e4e7bf4e8 200
[debug] [2026-05-13T16:32:16.295Z] <<< [apiv2][body] POST https://upload-firebasehosting.googleapis.com/upload/sites/bey360/versions/2680e0120767e996/files/6292d26875842d324abd23895909d69e7aa97e61f729f24ba100910e4e7bf4e8 [stream]
[debug] [2026-05-13T16:32:16.460Z] <<< [apiv2][status] POST https://upload-firebasehosting.googleapis.com/upload/sites/bey360/versions/2680e0120767e996/files/57111cdff9d655670c65306d07ca58d3891786c1e19ba1d9c94c8140100b7962 200
[debug] [2026-05-13T16:32:16.461Z] <<< [apiv2][body] POST https://upload-firebasehosting.googleapis.com/upload/sites/bey360/versions/2680e0120767e996/files/57111cdff9d655670c65306d07ca58d3891786c1e19ba1d9c94c8140100b7962 [stream]
[debug] [2026-05-13T16:32:16.979Z] <<< [apiv2][status] POST https://upload-firebasehosting.googleapis.com/upload/sites/bey360/versions/2680e0120767e996/files/07d809d025f6a7f0ada9c0e398c8bf05d3ff85dfa5b637f8129142c887c498d5 200
[debug] [2026-05-13T16:32:16.979Z] <<< [apiv2][body] POST https://upload-firebasehosting.googleapis.com/upload/sites/bey360/versions/2680e0120767e996/files/07d809d025f6a7f0ada9c0e398c8bf05d3ff85dfa5b637f8129142c887c498d5 [stream]
[debug] [2026-05-13T16:32:16.980Z] [hosting][upload queue][FINAL] {"max":1732,"min":1041,"avg":1259.25,"active":0,"complete":4,"success":4,"errored":0,"retried":0,"total":4,"elapsed":1734}
[info] i  hosting: upload complete 
[info] +  hosting[bey360]: file upload complete 
[debug] [2026-05-13T16:32:16.981Z] [hosting] deploy completed after 2797ms
[debug] [2026-05-13T16:32:16.984Z] [
  {
    "config": {
      "site": "bey360",
      "public": "dist",
      "ignore": [
        "firebase.json",
        "**/.*",
        "**/node_modules/**"
      ],
      "rewrites": [
        {
          "source": "**",
          "destination": "/index.html"
        }
      ]
    },
    "version": "projects/929492188819/sites/bey360/versions/2680e0120767e996"
  }
]
[info] i  hosting[bey360]: finalizing version... 
[debug] [2026-05-13T16:32:16.990Z] Checked if tokens are valid: true, expires at: 1778692771069
[debug] [2026-05-13T16:32:16.990Z] Checked if tokens are valid: true, expires at: 1778692771069
[debug] [2026-05-13T16:32:16.991Z] >>> [apiv2][query] PATCH https://firebasehosting.googleapis.com/v1beta1/projects/-/sites/bey360/versions/2680e0120767e996 updateMask=status%2Cconfig
[debug] [2026-05-13T16:32:16.993Z] >>> [apiv2][body] PATCH https://firebasehosting.googleapis.com/v1beta1/projects/-/sites/bey360/versions/2680e0120767e996 {"status":"FINALIZED","config":{"rewrites":[{"glob":"**","path":"/index.html"}]}}
[debug] [2026-05-13T16:32:18.576Z] <<< [apiv2][status] PATCH https://firebasehosting.googleapis.com/v1beta1/projects/-/sites/bey360/versions/2680e0120767e996 200
[debug] [2026-05-13T16:32:18.576Z] <<< [apiv2][body] PATCH https://firebasehosting.googleapis.com/v1beta1/projects/-/sites/bey360/versions/2680e0120767e996 {"name":"projects/929492188819/sites/bey360/versions/2680e0120767e996","status":"FINALIZED","config":{"rewrites":[{"glob":"**","path":"/index.html"}]},"labels":{"deployment-tool":"cli-firebase"},"createTime":"2026-05-13T16:32:10.524915Z","createUser":{"email":"cebrailkara@gmail.com"},"finalizeTime":"2026-05-13T16:32:15.887036Z","finalizeUser":{"email":"cebrailkara@gmail.com"}}
[debug] [2026-05-13T16:32:18.576Z] [hosting] finalized version for bey360:[object Object]
[info] +  hosting[bey360]: version finalized 
[info] i  hosting[bey360]: releasing new version... 
[debug] [2026-05-13T16:32:18.577Z] Checked if tokens are valid: true, expires at: 1778692771069
[debug] [2026-05-13T16:32:18.577Z] Checked if tokens are valid: true, expires at: 1778692771069
[debug] [2026-05-13T16:32:18.577Z] >>> [apiv2][query] POST https://firebasehosting.googleapis.com/v1beta1/projects/-/sites/bey360/channels/live/releases versionName=projects%2F929492188819%2Fsites%2Fbey360%2Fversions%2F2680e0120767e996
[debug] [2026-05-13T16:32:18.577Z] >>> [apiv2][body] POST https://firebasehosting.googleapis.com/v1beta1/projects/-/sites/bey360/channels/live/releases {}
[debug] [2026-05-13T16:32:21.072Z] <<< [apiv2][status] POST https://firebasehosting.googleapis.com/v1beta1/projects/-/sites/bey360/channels/live/releases 200
[debug] [2026-05-13T16:32:21.072Z] <<< [apiv2][body] POST https://firebasehosting.googleapis.com/v1beta1/projects/-/sites/bey360/channels/live/releases {"name":"projects/929492188819/sites/bey360/channels/live/releases/1778689937380000","version":{"name":"projects/929492188819/sites/bey360/versions/2680e0120767e996","status":"FINALIZED","config":{"rewrites":[{"glob":"**","path":"/index.html"}]},"labels":{"deployment-tool":"cli-firebase"},"createTime":"2026-05-13T16:32:10.524915Z","createUser":{"email":"cebrailkara@gmail.com","imageUrl":"https://lh3.googleusercontent.com/a/ACg8ocJrSia_F8eBI3CVtwXM_TXigxHranuTAPef5UlKM9R9xe2F7SPB"},"finalizeTime":"2026-05-13T16:32:15.887036Z","finalizeUser":{"email":"cebrailkara@gmail.com","imageUrl":"https://lh3.googleusercontent.com/a/ACg8ocJrSia_F8eBI3CVtwXM_TXigxHranuTAPef5UlKM9R9xe2F7SPB"}},"type":"DEPLOY","releaseTime":"2026-05-13T16:32:17.380Z","releaseUser":{"email":"cebrailkara@gmail.com","imageUrl":"https://lh3.googleusercontent.com/a/ACg8ocJrSia_F8eBI3CVtwXM_TXigxHranuTAPef5UlKM9R9xe2F7SPB"}}
[debug] [2026-05-13T16:32:21.072Z] [hosting] release: {"name":"projects/929492188819/sites/bey360/channels/live/releases/1778689937380000","version":{"name":"projects/929492188819/sites/bey360/versions/2680e0120767e996","status":"FINALIZED","config":{"rewrites":[{"glob":"**","path":"/index.html"}]},"labels":{"deployment-tool":"cli-firebase"},"createTime":"2026-05-13T16:32:10.524915Z","createUser":{"email":"cebrailkara@gmail.com","imageUrl":"https://lh3.googleusercontent.com/a/ACg8ocJrSia_F8eBI3CVtwXM_TXigxHranuTAPef5UlKM9R9xe2F7SPB"},"finalizeTime":"2026-05-13T16:32:15.887036Z","finalizeUser":{"email":"cebrailkara@gmail.com","imageUrl":"https://lh3.googleusercontent.com/a/ACg8ocJrSia_F8eBI3CVtwXM_TXigxHranuTAPef5UlKM9R9xe2F7SPB"}},"type":"DEPLOY","releaseTime":"2026-05-13T16:32:17.380Z","releaseUser":{"email":"cebrailkara@gmail.com","imageUrl":"https://lh3.googleusercontent.com/a/ACg8ocJrSia_F8eBI3CVtwXM_TXigxHranuTAPef5UlKM9R9xe2F7SPB"}}
[info] +  hosting[bey360]: release complete 
[info] 
[info] +  Deploy complete! 
[info] 
[info] Project Console: https://console.firebase.google.com/project/advera-c8dd0/overview
[info] Hosting URL: https://bey360.web.app
